<?xml version="1.0" encoding="UTF-8"?>
<!-- Generated by org.testng.reporters.JUnitReportReporter -->
<testsuite hostname="EPINHYDW02F4" failures="0" tests="1" name="api.ApiTest" time="1.392" errors="0" timestamp="2025-04-05T20:28:31 IST" skipped="0">
  <testcase classname="api.ApiTest" name="testGetRequest" time="1.392"/>
</testsuite> <!-- api.ApiTest -->
